#! /c/Source/iverilog-install/bin/vvp
:ivl_version "12.0 (devel)" "(s20150603-1539-g2693dd32b)";
:ivl_delay_selection "TYPICAL";
:vpi_time_precision - 10;
:vpi_module "D:\iverilog\lib\ivl\system.vpi";
:vpi_module "D:\iverilog\lib\ivl\vhdl_sys.vpi";
:vpi_module "D:\iverilog\lib\ivl\vhdl_textio.vpi";
:vpi_module "D:\iverilog\lib\ivl\v2005_math.vpi";
:vpi_module "D:\iverilog\lib\ivl\va_math.vpi";
:vpi_module "D:\iverilog\lib\ivl\v2009.vpi";
S_000001ef0fd3efd0 .scope package, "$unit" "$unit" 2 1;
 .timescale 0 0;
S_000001ef0fd02810 .scope module, "task_2_tb" "task_2_tb" 3 4;
 .timescale -9 -10;
v000001ef0fd479c0_0 .var "clk", 0 0;
v000001ef0fd47a60_0 .var "data", 0 0;
v000001ef0fd47b00_0 .var "reset", 0 0;
v000001ef0fd47ba0_0 .net "start_shifting", 0 0, v000001ef0fd47920_0;  1 drivers
S_000001ef0fd029a0 .scope module, "tsk0" "task_2" 3 10, 4 3 0, S_000001ef0fd02810;
 .timescale -9 -10;
    .port_info 0 /INPUT 1 "clk";
    .port_info 1 /INPUT 1 "reset";
    .port_info 2 /INPUT 1 "data";
    .port_info 3 /OUTPUT 1 "start_shifting";
P_000001ef0fd02b30 .param/l "s0" 0 4 7, C4<00000000000000000000000000000000>;
P_000001ef0fd02b68 .param/l "s1" 0 4 7, C4<00000000000000000000000000000001>;
P_000001ef0fd02ba0 .param/l "s2" 0 4 7, C4<00000000000000000000000000000010>;
P_000001ef0fd02bd8 .param/l "s3" 0 4 7, C4<00000000000000000000000000000011>;
v000001ef0fd410d0_0 .net "clk", 0 0, v000001ef0fd479c0_0;  1 drivers
v000001ef0fd02c20_0 .net "data", 0 0, v000001ef0fd47a60_0;  1 drivers
v000001ef0fd3e6e0_0 .var "n_st", 1 0;
v000001ef0fceb630_0 .net "reset", 0 0, v000001ef0fd47b00_0;  1 drivers
v000001ef0fd42190_0 .var "st", 1 0;
v000001ef0fd47920_0 .var "start_shifting", 0 0;
E_000001ef0fd39460 .event posedge, v000001ef0fd410d0_0;
    .scope S_000001ef0fd029a0;
T_0 ;
    %wait E_000001ef0fd39460;
    %load/vec4 v000001ef0fceb630_0;
    %flag_set/vec4 8;
    %jmp/0 T_0.0, 8;
    %pushi/vec4 0, 0, 32;
    %jmp/1 T_0.1, 8;
T_0.0 ; End of true expr.
    %load/vec4 v000001ef0fd3e6e0_0;
    %pad/u 32;
    %jmp/0 T_0.1, 8;
 ; End of false expr.
    %blend;
T_0.1;
    %pad/u 2;
    %store/vec4 v000001ef0fd42190_0, 0, 2;
    %load/vec4 v000001ef0fd42190_0;
    %dup/vec4;
    %pushi/vec4 0, 0, 2;
    %cmp/u;
    %jmp/1 T_0.2, 6;
    %dup/vec4;
    %pushi/vec4 1, 0, 2;
    %cmp/u;
    %jmp/1 T_0.3, 6;
    %dup/vec4;
    %pushi/vec4 2, 0, 2;
    %cmp/u;
    %jmp/1 T_0.4, 6;
    %dup/vec4;
    %pushi/vec4 3, 0, 2;
    %cmp/u;
    %jmp/1 T_0.5, 6;
    %pushi/vec4 0, 0, 2;
    %store/vec4 v000001ef0fd3e6e0_0, 0, 2;
    %jmp T_0.7;
T_0.2 ;
    %load/vec4 v000001ef0fd02c20_0;
    %flag_set/vec4 8;
    %jmp/0 T_0.8, 8;
    %pushi/vec4 1, 0, 32;
    %jmp/1 T_0.9, 8;
T_0.8 ; End of true expr.
    %pushi/vec4 0, 0, 32;
    %jmp/0 T_0.9, 8;
 ; End of false expr.
    %blend;
T_0.9;
    %pad/u 2;
    %store/vec4 v000001ef0fd3e6e0_0, 0, 2;
    %jmp T_0.7;
T_0.3 ;
    %load/vec4 v000001ef0fd02c20_0;
    %flag_set/vec4 8;
    %jmp/0 T_0.10, 8;
    %pushi/vec4 2, 0, 32;
    %jmp/1 T_0.11, 8;
T_0.10 ; End of true expr.
    %pushi/vec4 0, 0, 32;
    %jmp/0 T_0.11, 8;
 ; End of false expr.
    %blend;
T_0.11;
    %pad/u 2;
    %store/vec4 v000001ef0fd3e6e0_0, 0, 2;
    %jmp T_0.7;
T_0.4 ;
    %load/vec4 v000001ef0fd02c20_0;
    %inv;
    %flag_set/vec4 8;
    %jmp/0 T_0.12, 8;
    %pushi/vec4 3, 0, 32;
    %jmp/1 T_0.13, 8;
T_0.12 ; End of true expr.
    %pushi/vec4 2, 0, 32;
    %jmp/0 T_0.13, 8;
 ; End of false expr.
    %blend;
T_0.13;
    %pad/u 2;
    %store/vec4 v000001ef0fd3e6e0_0, 0, 2;
    %jmp T_0.7;
T_0.5 ;
    %pushi/vec4 0, 0, 2;
    %store/vec4 v000001ef0fd3e6e0_0, 0, 2;
    %jmp T_0.7;
T_0.7 ;
    %pop/vec4 1;
    %load/vec4 v000001ef0fceb630_0;
    %flag_set/vec4 8;
    %jmp/0xz  T_0.14, 8;
    %pushi/vec4 0, 0, 1;
    %assign/vec4 v000001ef0fd47920_0, 0;
    %jmp T_0.15;
T_0.14 ;
    %load/vec4 v000001ef0fd42190_0;
    %pad/u 32;
    %cmpi/e 3, 0, 32;
    %flag_get/vec4 4;
    %jmp/0 T_0.18, 4;
    %load/vec4 v000001ef0fd3e6e0_0;
    %pad/u 32;
    %pushi/vec4 0, 0, 32;
    %cmp/e;
    %flag_get/vec4 4;
    %and;
T_0.18;
    %flag_set/vec4 8;
    %jmp/0 T_0.16, 8;
    %pushi/vec4 1, 0, 2;
    %jmp/1 T_0.17, 8;
T_0.16 ; End of true expr.
    %load/vec4 v000001ef0fd47920_0;
    %pad/u 2;
    %jmp/0 T_0.17, 8;
 ; End of false expr.
    %blend;
T_0.17;
    %pad/u 1;
    %assign/vec4 v000001ef0fd47920_0, 0;
T_0.15 ;
    %jmp T_0;
    .thread T_0;
    .scope S_000001ef0fd02810;
T_1 ;
    %vpi_call/w 3 21 "$display", "###################################################" {0 0 0};
    %vpi_call/w 3 22 "$display", "Start TestBench" {0 0 0};
    %pushi/vec4 0, 0, 1;
    %store/vec4 v000001ef0fd479c0_0, 0, 1;
    %pushi/vec4 1, 0, 1;
    %store/vec4 v000001ef0fd47b00_0, 0, 1;
    %pushi/vec4 0, 0, 1;
    %store/vec4 v000001ef0fd47a60_0, 0, 1;
    %end;
    .thread T_1;
    .scope S_000001ef0fd02810;
T_2 ;
    %vpi_call/w 3 33 "$dumpfile", "wave.vcd" {0 0 0};
    %vpi_call/w 3 34 "$dumpvars", 32'sb00000000000000000000000000000000, S_000001ef0fd02810 {0 0 0};
    %end;
    .thread T_2;
    .scope S_000001ef0fd02810;
T_3 ;
    %delay 50, 0;
    %load/vec4 v000001ef0fd479c0_0;
    %nor/r;
    %store/vec4 v000001ef0fd479c0_0, 0, 1;
    %jmp T_3;
    .thread T_3;
    .scope S_000001ef0fd02810;
T_4 ;
    %wait E_000001ef0fd39460;
    %pushi/vec4 0, 0, 1;
    %assign/vec4 v000001ef0fd47b00_0, 0;
    %wait E_000001ef0fd39460;
    %pushi/vec4 1, 0, 1;
    %assign/vec4 v000001ef0fd47a60_0, 0;
    %wait E_000001ef0fd39460;
    %pushi/vec4 0, 0, 1;
    %assign/vec4 v000001ef0fd47a60_0, 0;
    %wait E_000001ef0fd39460;
    %pushi/vec4 1, 0, 1;
    %assign/vec4 v000001ef0fd47a60_0, 0;
    %pushi/vec4 5, 0, 32;
T_4.0 %dup/vec4;
    %pushi/vec4 0, 0, 32;
    %cmp/s;
    %jmp/1xz T_4.1, 5;
    %jmp/1 T_4.1, 4;
    %pushi/vec4 1, 0, 32;
    %sub;
    %wait E_000001ef0fd39460;
    %jmp T_4.0;
T_4.1 ;
    %pop/vec4 1;
    %pushi/vec4 0, 0, 1;
    %assign/vec4 v000001ef0fd47a60_0, 0;
    %wait E_000001ef0fd39460;
    %pushi/vec4 1, 0, 1;
    %assign/vec4 v000001ef0fd47a60_0, 0;
    %pushi/vec4 2, 0, 32;
T_4.2 %dup/vec4;
    %pushi/vec4 0, 0, 32;
    %cmp/s;
    %jmp/1xz T_4.3, 5;
    %jmp/1 T_4.3, 4;
    %pushi/vec4 1, 0, 32;
    %sub;
    %wait E_000001ef0fd39460;
    %jmp T_4.2;
T_4.3 ;
    %pop/vec4 1;
    %pushi/vec4 0, 0, 1;
    %assign/vec4 v000001ef0fd47a60_0, 0;
    %pushi/vec4 2, 0, 32;
T_4.4 %dup/vec4;
    %pushi/vec4 0, 0, 32;
    %cmp/s;
    %jmp/1xz T_4.5, 5;
    %jmp/1 T_4.5, 4;
    %pushi/vec4 1, 0, 32;
    %sub;
    %wait E_000001ef0fd39460;
    %jmp T_4.4;
T_4.5 ;
    %pop/vec4 1;
    %pushi/vec4 1, 0, 1;
    %assign/vec4 v000001ef0fd47a60_0, 0;
    %pushi/vec4 1, 0, 1;
    %assign/vec4 v000001ef0fd47b00_0, 0;
    %delay 200, 0;
    %vpi_call/w 3 86 "$display", "###################################################" {0 0 0};
    %vpi_call/w 3 87 "$finish" {0 0 0};
    %end;
    .thread T_4;
    .scope S_000001ef0fd02810;
T_5 ;
    %vpi_call/w 3 91 "$monitor", "t=%-4d: clk = %h, reset = %h, data = %h, start_shifting = %d", $time, v000001ef0fd479c0_0, v000001ef0fd47b00_0, v000001ef0fd47a60_0, v000001ef0fd47ba0_0 {0 0 0};
    %end;
    .thread T_5;
# The file index is used to find the file name in the following table.
:file_names 5;
    "N/A";
    "<interactive>";
    "-";
    "task_2_tb.v";
    "./task_2.v";
