#! /c/Source/iverilog-install/bin/vvp
:ivl_version "12.0 (devel)" "(s20150603-1539-g2693dd32b)";
:ivl_delay_selection "TYPICAL";
:vpi_time_precision - 10;
:vpi_module "D:\iverilog\lib\ivl\system.vpi";
:vpi_module "D:\iverilog\lib\ivl\vhdl_sys.vpi";
:vpi_module "D:\iverilog\lib\ivl\vhdl_textio.vpi";
:vpi_module "D:\iverilog\lib\ivl\v2005_math.vpi";
:vpi_module "D:\iverilog\lib\ivl\va_math.vpi";
:vpi_module "D:\iverilog\lib\ivl\v2009.vpi";
S_000001aa3e70be00 .scope package, "$unit" "$unit" 2 1;
 .timescale 0 0;
S_000001aa3e70b910 .scope module, "task_1_tb" "task_1_tb" 3 4;
 .timescale -9 -10;
v000001aa3e75ecb0_0 .var "a", 3 0;
v000001aa3e760870_0 .var "b", 3 0;
v000001aa3e760910_0 .var "c", 3 0;
v000001aa3e7609b0_0 .var "d", 3 0;
v000001aa3e760a50_0 .var "e", 3 0;
v000001aa3e768280_0 .net "q", 3 0, v000001aa3e75ec10_0;  1 drivers
E_000001aa3e70a5b0 .event "third";
E_000001aa3e70a670 .event "second";
S_000001aa3e7227b0 .scope module, "tsk0" "task_1" 3 10, 4 3 0, S_000001aa3e70b910;
 .timescale -9 -10;
    .port_info 0 /INPUT 4 "a";
    .port_info 1 /INPUT 4 "b";
    .port_info 2 /INPUT 4 "c";
    .port_info 3 /INPUT 4 "d";
    .port_info 4 /INPUT 4 "e";
    .port_info 5 /OUTPUT 4 "q";
v000001aa3e722940_0 .net "a", 3 0, v000001aa3e75ecb0_0;  1 drivers
v000001aa3e7229e0_0 .net "b", 3 0, v000001aa3e760870_0;  1 drivers
v000001aa3e722a80_0 .net "c", 3 0, v000001aa3e760910_0;  1 drivers
v000001aa3e722b20_0 .net "d", 3 0, v000001aa3e7609b0_0;  1 drivers
v000001aa3e75eb70_0 .net "e", 3 0, v000001aa3e760a50_0;  1 drivers
v000001aa3e75ec10_0 .var "q", 3 0;
E_000001aa3e70b1b0 .event anyedge, v000001aa3e722a80_0;
    .scope S_000001aa3e7227b0;
T_0 ;
    %wait E_000001aa3e70b1b0;
    %load/vec4 v000001aa3e722a80_0;
    %dup/vec4;
    %pushi/vec4 0, 0, 4;
    %cmp/u;
    %jmp/1 T_0.0, 6;
    %dup/vec4;
    %pushi/vec4 1, 0, 4;
    %cmp/u;
    %jmp/1 T_0.1, 6;
    %dup/vec4;
    %pushi/vec4 2, 0, 4;
    %cmp/u;
    %jmp/1 T_0.2, 6;
    %dup/vec4;
    %pushi/vec4 3, 0, 4;
    %cmp/u;
    %jmp/1 T_0.3, 6;
    %pushi/vec4 15, 0, 4;
    %assign/vec4 v000001aa3e75ec10_0, 0;
    %jmp T_0.5;
T_0.0 ;
    %load/vec4 v000001aa3e7229e0_0;
    %assign/vec4 v000001aa3e75ec10_0, 0;
    %jmp T_0.5;
T_0.1 ;
    %load/vec4 v000001aa3e75eb70_0;
    %assign/vec4 v000001aa3e75ec10_0, 0;
    %jmp T_0.5;
T_0.2 ;
    %load/vec4 v000001aa3e722940_0;
    %assign/vec4 v000001aa3e75ec10_0, 0;
    %jmp T_0.5;
T_0.3 ;
    %load/vec4 v000001aa3e722b20_0;
    %assign/vec4 v000001aa3e75ec10_0, 0;
    %jmp T_0.5;
T_0.5 ;
    %pop/vec4 1;
    %jmp T_0;
    .thread T_0, $push;
    .scope S_000001aa3e70b910;
T_1 ;
    %vpi_call/w 3 23 "$display", "###################################################" {0 0 0};
    %vpi_call/w 3 24 "$display", "Start TestBench" {0 0 0};
    %end;
    .thread T_1;
    .scope S_000001aa3e70b910;
T_2 ;
    %vpi_call/w 3 29 "$dumpfile", "wave.vcd" {0 0 0};
    %vpi_call/w 3 30 "$dumpvars", 32'sb00000000000000000000000000000000, S_000001aa3e70b910 {0 0 0};
    %end;
    .thread T_2;
    .scope S_000001aa3e70b910;
T_3 ;
    %pushi/vec4 10, 0, 4;
    %store/vec4 v000001aa3e75ecb0_0, 0, 4;
    %pushi/vec4 11, 0, 4;
    %store/vec4 v000001aa3e760870_0, 0, 4;
    %pushi/vec4 13, 0, 4;
    %store/vec4 v000001aa3e7609b0_0, 0, 4;
    %pushi/vec4 14, 0, 4;
    %store/vec4 v000001aa3e760a50_0, 0, 4;
    %pushi/vec4 0, 0, 4;
    %store/vec4 v000001aa3e760910_0, 0, 4;
    %pushi/vec4 18, 0, 32;
T_3.0 %dup/vec4;
    %pushi/vec4 0, 0, 32;
    %cmp/s;
    %jmp/1xz T_3.1, 5;
    %jmp/1 T_3.1, 4;
    %pushi/vec4 1, 0, 32;
    %sub;
    %delay 50, 0;
    %load/vec4 v000001aa3e760910_0;
    %addi 1, 0, 4;
    %store/vec4 v000001aa3e760910_0, 0, 4;
    %jmp T_3.0;
T_3.1 ;
    %pop/vec4 1;
    %delay 50, 0;
    %event E_000001aa3e70a670;
    %end;
    .thread T_3;
    .scope S_000001aa3e70b910;
T_4 ;
    %wait E_000001aa3e70a670;
    %pushi/vec4 1, 0, 4;
    %store/vec4 v000001aa3e75ecb0_0, 0, 4;
    %pushi/vec4 2, 0, 4;
    %store/vec4 v000001aa3e760870_0, 0, 4;
    %pushi/vec4 3, 0, 4;
    %store/vec4 v000001aa3e7609b0_0, 0, 4;
    %pushi/vec4 4, 0, 4;
    %store/vec4 v000001aa3e760a50_0, 0, 4;
    %pushi/vec4 0, 0, 4;
    %store/vec4 v000001aa3e760910_0, 0, 4;
    %pushi/vec4 8, 0, 32;
T_4.0 %dup/vec4;
    %pushi/vec4 0, 0, 32;
    %cmp/s;
    %jmp/1xz T_4.1, 5;
    %jmp/1 T_4.1, 4;
    %pushi/vec4 1, 0, 32;
    %sub;
    %delay 50, 0;
    %load/vec4 v000001aa3e760910_0;
    %addi 1, 0, 4;
    %store/vec4 v000001aa3e760910_0, 0, 4;
    %jmp T_4.0;
T_4.1 ;
    %pop/vec4 1;
    %delay 50, 0;
    %event E_000001aa3e70a5b0;
    %end;
    .thread T_4;
    .scope S_000001aa3e70b910;
T_5 ;
    %wait E_000001aa3e70a5b0;
    %pushi/vec4 5, 0, 4;
    %store/vec4 v000001aa3e75ecb0_0, 0, 4;
    %pushi/vec4 6, 0, 4;
    %store/vec4 v000001aa3e760870_0, 0, 4;
    %pushi/vec4 7, 0, 4;
    %store/vec4 v000001aa3e7609b0_0, 0, 4;
    %pushi/vec4 8, 0, 4;
    %store/vec4 v000001aa3e760a50_0, 0, 4;
    %pushi/vec4 0, 0, 4;
    %store/vec4 v000001aa3e760910_0, 0, 4;
    %pushi/vec4 7, 0, 32;
T_5.0 %dup/vec4;
    %pushi/vec4 0, 0, 32;
    %cmp/s;
    %jmp/1xz T_5.1, 5;
    %jmp/1 T_5.1, 4;
    %pushi/vec4 1, 0, 32;
    %sub;
    %delay 50, 0;
    %load/vec4 v000001aa3e760910_0;
    %addi 1, 0, 4;
    %store/vec4 v000001aa3e760910_0, 0, 4;
    %jmp T_5.0;
T_5.1 ;
    %pop/vec4 1;
    %delay 50, 0;
    %vpi_call/w 3 82 "$display", "###################################################" {0 0 0};
    %delay 10, 0;
    %vpi_call/w 3 84 "$finish" {0 0 0};
    %end;
    .thread T_5;
    .scope S_000001aa3e70b910;
T_6 ;
    %vpi_call/w 3 88 "$monitor", "t=%-4d: a = %h, b = %h, c = %h, d = %h, e = %h, q = %h", $time, v000001aa3e75ecb0_0, v000001aa3e760870_0, v000001aa3e760910_0, v000001aa3e7609b0_0, v000001aa3e760a50_0, v000001aa3e768280_0 {0 0 0};
    %end;
    .thread T_6;
# The file index is used to find the file name in the following table.
:file_names 5;
    "N/A";
    "<interactive>";
    "-";
    "task_1_tb.v";
    "./task_1.v";
